{"C:\\Users\\pc\\BNA_SmartFuture_Workshop_React_Web\\BNA-dashboard\\admin\\src\\App.js": {"path":"C:\\Users\\pc\\BNA_SmartFuture_Workshop_React_Web\\BNA-dashboard\\admin\\src\\App.js","statementMap":{"0":{"start":{"line":17,"column":12},"end":{"line":32,"column":1}},"1":{"start":{"line":18,"column":2},"end":{"line":31,"column":4}},"2":{"start":{"line":36,"column":19},"end":{"line":47,"column":1}},"3":{"start":{"line":37,"column":2},"end":{"line":46,"column":4}},"4":{"start":{"line":50,"column":24},"end":{"line":67,"column":1}},"5":{"start":{"line":51,"column":2},"end":{"line":66,"column":4}}},"fnMap":{"0":{"name":"(anonymous_0)","decl":{"start":{"line":17,"column":12},"end":{"line":17,"column":13}},"loc":{"start":{"line":17,"column":18},"end":{"line":32,"column":1}},"line":17},"1":{"name":"(anonymous_1)","decl":{"start":{"line":36,"column":19},"end":{"line":36,"column":20}},"loc":{"start":{"line":36,"column":25},"end":{"line":47,"column":1}},"line":36},"2":{"name":"(anonymous_2)","decl":{"start":{"line":50,"column":24},"end":{"line":50,"column":25}},"loc":{"start":{"line":50,"column":30},"end":{"line":67,"column":1}},"line":50}},"branchMap":{},"s":{"0":1,"1":3,"2":1,"3":3,"4":1,"5":0},"f":{"0":3,"1":3,"2":0},"b":{},"_coverageSchema":"1a1c01bbd47fc00a2c39e90264f33305004495a9","hash":"50111f2460848040d0ba70b91aafc7750c53adb9"}
,"C:\\Users\\pc\\BNA_SmartFuture_Workshop_React_Web\\BNA-dashboard\\admin\\src\\index.js": {"path":"C:\\Users\\pc\\BNA_SmartFuture_Workshop_React_Web\\BNA-dashboard\\admin\\src\\index.js","statementMap":{"0":{"start":{"line":7,"column":13},"end":{"line":7,"column":65}},"1":{"start":{"line":8,"column":0},"end":{"line":16,"column":2}}},"fnMap":{},"branchMap":{},"s":{"0":0,"1":0},"f":{},"b":{}}
,"C:\\Users\\pc\\BNA_SmartFuture_Workshop_React_Web\\BNA-dashboard\\admin\\src\\components\\dashboard\\Dashboard.js": {"path":"C:\\Users\\pc\\BNA_SmartFuture_Workshop_React_Web\\BNA-dashboard\\admin\\src\\components\\dashboard\\Dashboard.js","statementMap":{"0":{"start":{"line":8,"column":2},"end":{"line":12,"column":9}},"1":{"start":{"line":9,"column":4},"end":{"line":11,"column":6}},"2":{"start":{"line":10,"column":6},"end":{"line":10,"column":41}},"3":{"start":{"line":14,"column":2},"end":{"line":34,"column":4}}},"fnMap":{"0":{"name":"Dashboard","decl":{"start":{"line":4,"column":16},"end":{"line":4,"column":25}},"loc":{"start":{"line":4,"column":28},"end":{"line":35,"column":1}},"line":4},"1":{"name":"(anonymous_1)","decl":{"start":{"line":8,"column":12},"end":{"line":8,"column":13}},"loc":{"start":{"line":8,"column":18},"end":{"line":12,"column":3}},"line":8},"2":{"name":"(anonymous_2)","decl":{"start":{"line":9,"column":11},"end":{"line":9,"column":12}},"loc":{"start":{"line":9,"column":17},"end":{"line":11,"column":5}},"line":9}},"branchMap":{},"s":{"0":0,"1":0,"2":0,"3":0},"f":{"0":0,"1":0,"2":0},"b":{},"_coverageSchema":"1a1c01bbd47fc00a2c39e90264f33305004495a9","hash":"ce9a3c021fa050346cc548c3fe9d222eb5607194"}
,"C:\\Users\\pc\\BNA_SmartFuture_Workshop_React_Web\\BNA-dashboard\\admin\\src\\components\\dashboard\\Historique.js": {"path":"C:\\Users\\pc\\BNA_SmartFuture_Workshop_React_Web\\BNA-dashboard\\admin\\src\\components\\dashboard\\Historique.js","statementMap":{"0":{"start":{"line":3,"column":26},"end":{"line":120,"column":1}},"1":{"start":{"line":7,"column":2},"end":{"line":11,"column":9}},"2":{"start":{"line":8,"column":4},"end":{"line":10,"column":6}},"3":{"start":{"line":9,"column":6},"end":{"line":9,"column":42}},"4":{"start":{"line":12,"column":2},"end":{"line":119,"column":4}}},"fnMap":{"0":{"name":"(anonymous_0)","decl":{"start":{"line":3,"column":26},"end":{"line":3,"column":27}},"loc":{"start":{"line":3,"column":32},"end":{"line":120,"column":1}},"line":3},"1":{"name":"(anonymous_1)","decl":{"start":{"line":7,"column":12},"end":{"line":7,"column":13}},"loc":{"start":{"line":7,"column":18},"end":{"line":11,"column":3}},"line":7},"2":{"name":"(anonymous_2)","decl":{"start":{"line":8,"column":11},"end":{"line":8,"column":12}},"loc":{"start":{"line":8,"column":17},"end":{"line":10,"column":5}},"line":8}},"branchMap":{},"s":{"0":1,"1":0,"2":0,"3":0,"4":0},"f":{"0":0,"1":0,"2":0},"b":{},"_coverageSchema":"1a1c01bbd47fc00a2c39e90264f33305004495a9","hash":"10db72f7cae8be12ced9a6c1ef454aae22b555a3"}
,"C:\\Users\\pc\\BNA_SmartFuture_Workshop_React_Web\\BNA-dashboard\\admin\\src\\components\\dashboard\\Transactions.js": {"path":"C:\\Users\\pc\\BNA_SmartFuture_Workshop_React_Web\\BNA-dashboard\\admin\\src\\components\\dashboard\\Transactions.js","statementMap":{"0":{"start":{"line":3,"column":28},"end":{"line":103,"column":1}},"1":{"start":{"line":8,"column":2},"end":{"line":12,"column":9}},"2":{"start":{"line":9,"column":4},"end":{"line":11,"column":6}},"3":{"start":{"line":10,"column":6},"end":{"line":10,"column":44}},"4":{"start":{"line":13,"column":2},"end":{"line":102,"column":4}}},"fnMap":{"0":{"name":"(anonymous_0)","decl":{"start":{"line":3,"column":28},"end":{"line":3,"column":29}},"loc":{"start":{"line":3,"column":34},"end":{"line":103,"column":1}},"line":3},"1":{"name":"(anonymous_1)","decl":{"start":{"line":8,"column":12},"end":{"line":8,"column":13}},"loc":{"start":{"line":8,"column":18},"end":{"line":12,"column":3}},"line":8},"2":{"name":"(anonymous_2)","decl":{"start":{"line":9,"column":11},"end":{"line":9,"column":12}},"loc":{"start":{"line":9,"column":17},"end":{"line":11,"column":5}},"line":9}},"branchMap":{},"s":{"0":1,"1":0,"2":0,"3":0,"4":0},"f":{"0":0,"1":0,"2":0},"b":{},"_coverageSchema":"1a1c01bbd47fc00a2c39e90264f33305004495a9","hash":"0ffd69d765ee825c0db995d1c63cfa683adc3645"}
,"C:\\Users\\pc\\BNA_SmartFuture_Workshop_React_Web\\BNA-dashboard\\admin\\src\\components\\dashboard\\Users.js": {"path":"C:\\Users\\pc\\BNA_SmartFuture_Workshop_React_Web\\BNA-dashboard\\admin\\src\\components\\dashboard\\Users.js","statementMap":{"0":{"start":{"line":3,"column":21},"end":{"line":78,"column":1}},"1":{"start":{"line":7,"column":4},"end":{"line":11,"column":11}},"2":{"start":{"line":8,"column":8},"end":{"line":10,"column":10}},"3":{"start":{"line":9,"column":12},"end":{"line":9,"column":50}},"4":{"start":{"line":12,"column":2},"end":{"line":77,"column":4}}},"fnMap":{"0":{"name":"(anonymous_0)","decl":{"start":{"line":3,"column":21},"end":{"line":3,"column":22}},"loc":{"start":{"line":3,"column":27},"end":{"line":78,"column":1}},"line":3},"1":{"name":"(anonymous_1)","decl":{"start":{"line":7,"column":14},"end":{"line":7,"column":15}},"loc":{"start":{"line":7,"column":18},"end":{"line":11,"column":6}},"line":7},"2":{"name":"(anonymous_2)","decl":{"start":{"line":8,"column":15},"end":{"line":8,"column":16}},"loc":{"start":{"line":8,"column":19},"end":{"line":10,"column":9}},"line":8}},"branchMap":{},"s":{"0":0,"1":0,"2":0,"3":0,"4":0},"f":{"0":0,"1":0,"2":0},"b":{}}
,"C:\\Users\\pc\\BNA_SmartFuture_Workshop_React_Web\\BNA-dashboard\\admin\\src\\components\\dashboard\\Virement.js": {"path":"C:\\Users\\pc\\BNA_SmartFuture_Workshop_React_Web\\BNA-dashboard\\admin\\src\\components\\dashboard\\Virement.js","statementMap":{"0":{"start":{"line":6,"column":24},"end":{"line":71,"column":1}},"1":{"start":{"line":7,"column":19},"end":{"line":7,"column":32}},"2":{"start":{"line":8,"column":20},"end":{"line":8,"column":70}},"3":{"start":{"line":8,"column":43},"end":{"line":8,"column":69}},"4":{"start":{"line":9,"column":18},"end":{"line":9,"column":67}},"5":{"start":{"line":9,"column":41},"end":{"line":9,"column":66}},"6":{"start":{"line":11,"column":2},"end":{"line":13,"column":17}},"7":{"start":{"line":12,"column":4},"end":{"line":12,"column":30}},"8":{"start":{"line":16,"column":21},"end":{"line":19,"column":3}},"9":{"start":{"line":17,"column":20},"end":{"line":17,"column":70}},"10":{"start":{"line":18,"column":4},"end":{"line":18,"column":69}},"11":{"start":{"line":22,"column":25},"end":{"line":27,"column":5}},"12":{"start":{"line":24,"column":10},"end":{"line":24,"column":40}},"13":{"start":{"line":26,"column":10},"end":{"line":26,"column":36}},"14":{"start":{"line":29,"column":2},"end":{"line":70,"column":4}},"15":{"start":{"line":48,"column":16},"end":{"line":63,"column":21}},"16":{"start":{"line":59,"column":42},"end":{"line":59,"column":69}}},"fnMap":{"0":{"name":"(anonymous_0)","decl":{"start":{"line":6,"column":24},"end":{"line":6,"column":25}},"loc":{"start":{"line":6,"column":30},"end":{"line":71,"column":1}},"line":6},"1":{"name":"(anonymous_1)","decl":{"start":{"line":8,"column":32},"end":{"line":8,"column":33}},"loc":{"start":{"line":8,"column":43},"end":{"line":8,"column":69}},"line":8},"2":{"name":"(anonymous_2)","decl":{"start":{"line":9,"column":30},"end":{"line":9,"column":31}},"loc":{"start":{"line":9,"column":41},"end":{"line":9,"column":66}},"line":9},"3":{"name":"(anonymous_3)","decl":{"start":{"line":11,"column":12},"end":{"line":11,"column":13}},"loc":{"start":{"line":11,"column":18},"end":{"line":13,"column":3}},"line":11},"4":{"name":"(anonymous_4)","decl":{"start":{"line":16,"column":21},"end":{"line":16,"column":22}},"loc":{"start":{"line":16,"column":37},"end":{"line":19,"column":3}},"line":16},"5":{"name":"(anonymous_5)","decl":{"start":{"line":22,"column":25},"end":{"line":22,"column":26}},"loc":{"start":{"line":22,"column":34},"end":{"line":27,"column":5}},"line":22},"6":{"name":"(anonymous_6)","decl":{"start":{"line":47,"column":30},"end":{"line":47,"column":31}},"loc":{"start":{"line":48,"column":16},"end":{"line":63,"column":21}},"line":48},"7":{"name":"(anonymous_7)","decl":{"start":{"line":59,"column":37},"end":{"line":59,"column":38}},"loc":{"start":{"line":59,"column":41},"end":{"line":59,"column":70}},"line":59}},"branchMap":{"0":{"loc":{"start":{"line":33,"column":9},"end":{"line":67,"column":9}},"type":"cond-expr","locations":[{"start":{"line":34,"column":10},"end":{"line":34,"column":27}},{"start":{"line":36,"column":10},"end":{"line":66,"column":18}}],"line":33}},"s":{"0":1,"1":0,"2":0,"3":0,"4":0,"5":0,"6":0,"7":0,"8":0,"9":0,"10":0,"11":0,"12":0,"13":0,"14":0,"15":0,"16":0},"f":{"0":0,"1":0,"2":0,"3":0,"4":0,"5":0,"6":0,"7":0},"b":{"0":[0,0]},"_coverageSchema":"1a1c01bbd47fc00a2c39e90264f33305004495a9","hash":"7427009d08cda8c44148d73c763c1365e6fd16d5"}
,"C:\\Users\\pc\\BNA_SmartFuture_Workshop_React_Web\\BNA-dashboard\\admin\\src\\components\\login\\Auth.js": {"path":"C:\\Users\\pc\\BNA_SmartFuture_Workshop_React_Web\\BNA-dashboard\\admin\\src\\components\\login\\Auth.js","statementMap":{"0":{"start":{"line":6,"column":13},"end":{"line":85,"column":1}},"1":{"start":{"line":7,"column":19},"end":{"line":7,"column":32}},"2":{"start":{"line":10,"column":34},"end":{"line":13,"column":4}},"3":{"start":{"line":16,"column":38},"end":{"line":16,"column":50}},"4":{"start":{"line":20,"column":23},"end":{"line":28,"column":3}},"5":{"start":{"line":21,"column":28},"end":{"line":21,"column":36}},"6":{"start":{"line":22,"column":4},"end":{"line":22,"column":48}},"7":{"start":{"line":25,"column":4},"end":{"line":27,"column":5}},"8":{"start":{"line":26,"column":6},"end":{"line":26,"column":42}},"9":{"start":{"line":31,"column":23},"end":{"line":35,"column":3}},"10":{"start":{"line":32,"column":4},"end":{"line":32,"column":23}},"11":{"start":{"line":34,"column":4},"end":{"line":34,"column":31}},"12":{"start":{"line":38,"column":24},"end":{"line":45,"column":3}},"13":{"start":{"line":40,"column":25},"end":{"line":40,"column":53}},"14":{"start":{"line":41,"column":4},"end":{"line":43,"column":5}},"15":{"start":{"line":42,"column":6},"end":{"line":42,"column":39}},"16":{"start":{"line":44,"column":4},"end":{"line":44,"column":14}},"17":{"start":{"line":48,"column":2},"end":{"line":84,"column":4}}},"fnMap":{"0":{"name":"(anonymous_0)","decl":{"start":{"line":6,"column":13},"end":{"line":6,"column":14}},"loc":{"start":{"line":6,"column":19},"end":{"line":85,"column":1}},"line":6},"1":{"name":"(anonymous_1)","decl":{"start":{"line":20,"column":23},"end":{"line":20,"column":24}},"loc":{"start":{"line":20,"column":30},"end":{"line":28,"column":3}},"line":20},"2":{"name":"(anonymous_2)","decl":{"start":{"line":31,"column":23},"end":{"line":31,"column":24}},"loc":{"start":{"line":31,"column":30},"end":{"line":35,"column":3}},"line":31},"3":{"name":"(anonymous_3)","decl":{"start":{"line":38,"column":24},"end":{"line":38,"column":25}},"loc":{"start":{"line":38,"column":35},"end":{"line":45,"column":3}},"line":38}},"branchMap":{"0":{"loc":{"start":{"line":25,"column":4},"end":{"line":27,"column":5}},"type":"if","locations":[{"start":{"line":25,"column":4},"end":{"line":27,"column":5}},{"start":{},"end":{}}],"line":25},"1":{"loc":{"start":{"line":41,"column":4},"end":{"line":43,"column":5}},"type":"if","locations":[{"start":{"line":41,"column":4},"end":{"line":43,"column":5}},{"start":{},"end":{}}],"line":41},"2":{"loc":{"start":{"line":63,"column":36},"end":{"line":63,"column":59}},"type":"cond-expr","locations":[{"start":{"line":63,"column":49},"end":{"line":63,"column":54}},{"start":{"line":63,"column":57},"end":{"line":63,"column":59}}],"line":63},"3":{"loc":{"start":{"line":65,"column":13},"end":{"line":65,"column":77}},"type":"binary-expr","locations":[{"start":{"line":65,"column":13},"end":{"line":65,"column":23}},{"start":{"line":65,"column":27},"end":{"line":65,"column":77}}],"line":65}},"s":{"0":1,"1":5,"2":0,"3":0,"4":0,"5":0,"6":0,"7":0,"8":0,"9":0,"10":0,"11":0,"12":0,"13":0,"14":0,"15":0,"16":0,"17":0},"f":{"0":5,"1":0,"2":0,"3":0},"b":{"0":[0,0],"1":[0,0],"2":[0,0],"3":[0,0]},"_coverageSchema":"1a1c01bbd47fc00a2c39e90264f33305004495a9","hash":"0b398501701bf31219567a2730acb525d8c47bae"}
,"C:\\Users\\pc\\BNA_SmartFuture_Workshop_React_Web\\BNA-dashboard\\admin\\src\\components\\login\\Signup.js": {"path":"C:\\Users\\pc\\BNA_SmartFuture_Workshop_React_Web\\BNA-dashboard\\admin\\src\\components\\login\\Signup.js","statementMap":{"0":{"start":{"line":7,"column":21},"end":{"line":9,"column":1}},"1":{"start":{"line":8,"column":2},"end":{"line":8,"column":37}},"2":{"start":{"line":11,"column":15},"end":{"line":104,"column":1}},"3":{"start":{"line":12,"column":19},"end":{"line":12,"column":32}},"4":{"start":{"line":13,"column":20},"end":{"line":13,"column":62}},"5":{"start":{"line":13,"column":43},"end":{"line":13,"column":61}},"6":{"start":{"line":14,"column":20},"end":{"line":14,"column":64}},"7":{"start":{"line":14,"column":43},"end":{"line":14,"column":63}},"8":{"start":{"line":15,"column":17},"end":{"line":15,"column":58}},"9":{"start":{"line":15,"column":40},"end":{"line":15,"column":57}},"10":{"start":{"line":18,"column":34},"end":{"line":23,"column":4}},"11":{"start":{"line":26,"column":23},"end":{"line":29,"column":3}},"12":{"start":{"line":27,"column":28},"end":{"line":27,"column":36}},"13":{"start":{"line":28,"column":4},"end":{"line":28,"column":48}},"14":{"start":{"line":32,"column":23},"end":{"line":37,"column":3}},"15":{"start":{"line":33,"column":4},"end":{"line":33,"column":23}},"16":{"start":{"line":34,"column":4},"end":{"line":34,"column":31}},"17":{"start":{"line":39,"column":2},"end":{"line":103,"column":4}}},"fnMap":{"0":{"name":"(anonymous_0)","decl":{"start":{"line":7,"column":21},"end":{"line":7,"column":22}},"loc":{"start":{"line":7,"column":27},"end":{"line":9,"column":1}},"line":7},"1":{"name":"(anonymous_1)","decl":{"start":{"line":11,"column":15},"end":{"line":11,"column":16}},"loc":{"start":{"line":11,"column":21},"end":{"line":104,"column":1}},"line":11},"2":{"name":"(anonymous_2)","decl":{"start":{"line":13,"column":32},"end":{"line":13,"column":33}},"loc":{"start":{"line":13,"column":43},"end":{"line":13,"column":61}},"line":13},"3":{"name":"(anonymous_3)","decl":{"start":{"line":14,"column":32},"end":{"line":14,"column":33}},"loc":{"start":{"line":14,"column":43},"end":{"line":14,"column":63}},"line":14},"4":{"name":"(anonymous_4)","decl":{"start":{"line":15,"column":29},"end":{"line":15,"column":30}},"loc":{"start":{"line":15,"column":40},"end":{"line":15,"column":57}},"line":15},"5":{"name":"(anonymous_5)","decl":{"start":{"line":26,"column":23},"end":{"line":26,"column":24}},"loc":{"start":{"line":26,"column":30},"end":{"line":29,"column":3}},"line":26},"6":{"name":"(anonymous_6)","decl":{"start":{"line":32,"column":23},"end":{"line":32,"column":24}},"loc":{"start":{"line":32,"column":30},"end":{"line":37,"column":3}},"line":32}},"branchMap":{"0":{"loc":{"start":{"line":94,"column":13},"end":{"line":94,"column":55}},"type":"cond-expr","locations":[{"start":{"line":94,"column":25},"end":{"line":94,"column":40}},{"start":{"line":94,"column":43},"end":{"line":94,"column":55}}],"line":94},"1":{"loc":{"start":{"line":96,"column":11},"end":{"line":96,"column":52}},"type":"binary-expr","locations":[{"start":{"line":96,"column":11},"end":{"line":96,"column":20}},{"start":{"line":96,"column":24},"end":{"line":96,"column":52}}],"line":96},"2":{"loc":{"start":{"line":97,"column":11},"end":{"line":97,"column":58}},"type":"binary-expr","locations":[{"start":{"line":97,"column":11},"end":{"line":97,"column":17}},{"start":{"line":97,"column":21},"end":{"line":97,"column":58}}],"line":97}},"s":{"0":1,"1":0,"2":1,"3":0,"4":0,"5":0,"6":0,"7":0,"8":0,"9":0,"10":0,"11":0,"12":0,"13":0,"14":0,"15":0,"16":0,"17":0},"f":{"0":0,"1":0,"2":0,"3":0,"4":0,"5":0,"6":0},"b":{"0":[0,0],"1":[0,0],"2":[0,0]},"_coverageSchema":"1a1c01bbd47fc00a2c39e90264f33305004495a9","hash":"835fd6cfee444f9269189322d8759453f5e99f82"}
,"C:\\Users\\pc\\BNA_SmartFuture_Workshop_React_Web\\BNA-dashboard\\admin\\src\\components\\shared\\Footer.js": {"path":"C:\\Users\\pc\\BNA_SmartFuture_Workshop_React_Web\\BNA-dashboard\\admin\\src\\components\\shared\\Footer.js","statementMap":{"0":{"start":{"line":3,"column":22},"end":{"line":7,"column":1}},"1":{"start":{"line":4,"column":2},"end":{"line":6,"column":3}}},"fnMap":{"0":{"name":"(anonymous_0)","decl":{"start":{"line":3,"column":22},"end":{"line":3,"column":23}},"loc":{"start":{"line":3,"column":28},"end":{"line":7,"column":1}},"line":3}},"branchMap":{},"s":{"0":0,"1":0},"f":{"0":0},"b":{}}
,"C:\\Users\\pc\\BNA_SmartFuture_Workshop_React_Web\\BNA-dashboard\\admin\\src\\components\\shared\\Logo.js": {"path":"C:\\Users\\pc\\BNA_SmartFuture_Workshop_React_Web\\BNA-dashboard\\admin\\src\\components\\shared\\Logo.js","statementMap":{"0":{"start":{"line":4,"column":13},"end":{"line":6,"column":1}},"1":{"start":{"line":5,"column":2},"end":{"line":5,"column":68}}},"fnMap":{"0":{"name":"(anonymous_0)","decl":{"start":{"line":4,"column":13},"end":{"line":4,"column":14}},"loc":{"start":{"line":4,"column":19},"end":{"line":6,"column":1}},"line":4}},"branchMap":{},"s":{"0":1,"1":0},"f":{"0":0},"b":{},"_coverageSchema":"1a1c01bbd47fc00a2c39e90264f33305004495a9","hash":"52d86c028c4a8039395036fbadaacb4b9adc9dbf"}
,"C:\\Users\\pc\\BNA_SmartFuture_Workshop_React_Web\\BNA-dashboard\\admin\\src\\components\\shared\\Navbar.js": {"path":"C:\\Users\\pc\\BNA_SmartFuture_Workshop_React_Web\\BNA-dashboard\\admin\\src\\components\\shared\\Navbar.js","statementMap":{"0":{"start":{"line":5,"column":15},"end":{"line":11,"column":1}},"1":{"start":{"line":6,"column":2},"end":{"line":10,"column":4}}},"fnMap":{"0":{"name":"(anonymous_0)","decl":{"start":{"line":5,"column":15},"end":{"line":5,"column":16}},"loc":{"start":{"line":5,"column":21},"end":{"line":11,"column":1}},"line":5}},"branchMap":{},"s":{"0":1,"1":0},"f":{"0":0},"b":{},"_coverageSchema":"1a1c01bbd47fc00a2c39e90264f33305004495a9","hash":"78b2d9f4d6942f3592c5c60ab1c0fbd0859095ea"}
,"C:\\Users\\pc\\BNA_SmartFuture_Workshop_React_Web\\BNA-dashboard\\admin\\src\\components\\shared\\Sidebar.js": {"path":"C:\\Users\\pc\\BNA_SmartFuture_Workshop_React_Web\\BNA-dashboard\\admin\\src\\components\\shared\\Sidebar.js","statementMap":{"0":{"start":{"line":4,"column":16},"end":{"line":32,"column":1}},"1":{"start":{"line":5,"column":17},"end":{"line":9,"column":3}},"2":{"start":{"line":6,"column":4},"end":{"line":6,"column":23}},"3":{"start":{"line":7,"column":4},"end":{"line":7,"column":25}},"4":{"start":{"line":8,"column":4},"end":{"line":8,"column":31}},"5":{"start":{"line":10,"column":2},"end":{"line":31,"column":4}}},"fnMap":{"0":{"name":"(anonymous_0)","decl":{"start":{"line":4,"column":16},"end":{"line":4,"column":17}},"loc":{"start":{"line":4,"column":22},"end":{"line":32,"column":1}},"line":4},"1":{"name":"(anonymous_1)","decl":{"start":{"line":5,"column":17},"end":{"line":5,"column":18}},"loc":{"start":{"line":5,"column":24},"end":{"line":9,"column":3}},"line":5}},"branchMap":{},"s":{"0":1,"1":0,"2":0,"3":0,"4":0,"5":0},"f":{"0":0,"1":0},"b":{},"_coverageSchema":"1a1c01bbd47fc00a2c39e90264f33305004495a9","hash":"05bc3edea890f353814c25a5d2497290be3a457b"}
,"C:\\Users\\pc\\BNA_SmartFuture_Workshop_React_Web\\BNA-dashboard\\admin\\src\\components\\virement\\ModifierVirement.js": {"path":"C:\\Users\\pc\\BNA_SmartFuture_Workshop_React_Web\\BNA-dashboard\\admin\\src\\components\\virement\\ModifierVirement.js","statementMap":{"0":{"start":{"line":6,"column":32},"end":{"line":143,"column":1}},"1":{"start":{"line":8,"column":17},"end":{"line":8,"column":28}},"2":{"start":{"line":9,"column":19},"end":{"line":9,"column":32}},"3":{"start":{"line":10,"column":27},"end":{"line":10,"column":77}},"4":{"start":{"line":10,"column":50},"end":{"line":10,"column":76}},"5":{"start":{"line":12,"column":34},"end":{"line":18,"column":4}},"6":{"start":{"line":20,"column":44},"end":{"line":20,"column":56}},"7":{"start":{"line":22,"column":2},"end":{"line":26,"column":11}},"8":{"start":{"line":23,"column":4},"end":{"line":25,"column":5}},"9":{"start":{"line":24,"column":6},"end":{"line":24,"column":32}},"10":{"start":{"line":28,"column":2},"end":{"line":38,"column":25}},"11":{"start":{"line":29,"column":4},"end":{"line":37,"column":5}},"12":{"start":{"line":30,"column":6},"end":{"line":36,"column":9}},"13":{"start":{"line":40,"column":23},"end":{"line":43,"column":3}},"14":{"start":{"line":41,"column":28},"end":{"line":41,"column":36}},"15":{"start":{"line":42,"column":4},"end":{"line":42,"column":48}},"16":{"start":{"line":45,"column":22},"end":{"line":48,"column":3}},"17":{"start":{"line":46,"column":21},"end":{"line":46,"column":29}},"18":{"start":{"line":47,"column":4},"end":{"line":47,"column":57}},"19":{"start":{"line":50,"column":23},"end":{"line":59,"column":3}},"20":{"start":{"line":51,"column":4},"end":{"line":51,"column":23}},"21":{"start":{"line":52,"column":4},"end":{"line":58,"column":5}},"22":{"start":{"line":53,"column":6},"end":{"line":53,"column":35}},"23":{"start":{"line":55,"column":6},"end":{"line":55,"column":58}},"24":{"start":{"line":56,"column":6},"end":{"line":56,"column":43}},"25":{"start":{"line":57,"column":6},"end":{"line":57,"column":41}},"26":{"start":{"line":61,"column":21},"end":{"line":64,"column":3}},"27":{"start":{"line":62,"column":20},"end":{"line":62,"column":70}},"28":{"start":{"line":63,"column":4},"end":{"line":63,"column":69}},"29":{"start":{"line":66,"column":2},"end":{"line":142,"column":4}}},"fnMap":{"0":{"name":"(anonymous_0)","decl":{"start":{"line":6,"column":32},"end":{"line":6,"column":33}},"loc":{"start":{"line":6,"column":38},"end":{"line":143,"column":1}},"line":6},"1":{"name":"(anonymous_1)","decl":{"start":{"line":10,"column":39},"end":{"line":10,"column":40}},"loc":{"start":{"line":10,"column":50},"end":{"line":10,"column":76}},"line":10},"2":{"name":"(anonymous_2)","decl":{"start":{"line":22,"column":12},"end":{"line":22,"column":13}},"loc":{"start":{"line":22,"column":18},"end":{"line":26,"column":3}},"line":22},"3":{"name":"(anonymous_3)","decl":{"start":{"line":28,"column":12},"end":{"line":28,"column":13}},"loc":{"start":{"line":28,"column":18},"end":{"line":38,"column":3}},"line":28},"4":{"name":"(anonymous_4)","decl":{"start":{"line":40,"column":23},"end":{"line":40,"column":24}},"loc":{"start":{"line":40,"column":30},"end":{"line":43,"column":3}},"line":40},"5":{"name":"(anonymous_5)","decl":{"start":{"line":45,"column":22},"end":{"line":45,"column":23}},"loc":{"start":{"line":45,"column":29},"end":{"line":48,"column":3}},"line":45},"6":{"name":"(anonymous_6)","decl":{"start":{"line":50,"column":23},"end":{"line":50,"column":24}},"loc":{"start":{"line":50,"column":30},"end":{"line":59,"column":3}},"line":50},"7":{"name":"(anonymous_7)","decl":{"start":{"line":61,"column":21},"end":{"line":61,"column":22}},"loc":{"start":{"line":61,"column":37},"end":{"line":64,"column":3}},"line":61}},"branchMap":{"0":{"loc":{"start":{"line":23,"column":4},"end":{"line":25,"column":5}},"type":"if","locations":[{"start":{"line":23,"column":4},"end":{"line":25,"column":5}},{"start":{},"end":{}}],"line":23},"1":{"loc":{"start":{"line":29,"column":4},"end":{"line":37,"column":5}},"type":"if","locations":[{"start":{"line":29,"column":4},"end":{"line":37,"column":5}},{"start":{},"end":{}}],"line":29},"2":{"loc":{"start":{"line":31,"column":13},"end":{"line":31,"column":39}},"type":"binary-expr","locations":[{"start":{"line":31,"column":13},"end":{"line":31,"column":33}},{"start":{"line":31,"column":37},"end":{"line":31,"column":39}}],"line":31},"3":{"loc":{"start":{"line":32,"column":22},"end":{"line":32,"column":57}},"type":"binary-expr","locations":[{"start":{"line":32,"column":22},"end":{"line":32,"column":51}},{"start":{"line":32,"column":55},"end":{"line":32,"column":57}}],"line":32},"4":{"loc":{"start":{"line":33,"column":17},"end":{"line":33,"column":47}},"type":"binary-expr","locations":[{"start":{"line":33,"column":17},"end":{"line":33,"column":41}},{"start":{"line":33,"column":45},"end":{"line":33,"column":47}}],"line":33},"5":{"loc":{"start":{"line":34,"column":14},"end":{"line":34,"column":41}},"type":"binary-expr","locations":[{"start":{"line":34,"column":14},"end":{"line":34,"column":35}},{"start":{"line":34,"column":39},"end":{"line":34,"column":41}}],"line":34},"6":{"loc":{"start":{"line":35,"column":21},"end":{"line":35,"column":55}},"type":"binary-expr","locations":[{"start":{"line":35,"column":21},"end":{"line":35,"column":49}},{"start":{"line":35,"column":53},"end":{"line":35,"column":55}}],"line":35},"7":{"loc":{"start":{"line":52,"column":4},"end":{"line":58,"column":5}},"type":"if","locations":[{"start":{"line":52,"column":4},"end":{"line":58,"column":5}},{"start":{"line":54,"column":11},"end":{"line":58,"column":5}}],"line":52},"8":{"loc":{"start":{"line":82,"column":11},"end":{"line":84,"column":11}},"type":"binary-expr","locations":[{"start":{"line":82,"column":11},"end":{"line":82,"column":37}},{"start":{"line":82,"column":41},"end":{"line":82,"column":63}},{"start":{"line":83,"column":12},"end":{"line":83,"column":74}}],"line":82},"9":{"loc":{"start":{"line":99,"column":11},"end":{"line":101,"column":11}},"type":"binary-expr","locations":[{"start":{"line":99,"column":11},"end":{"line":99,"column":32}},{"start":{"line":99,"column":36},"end":{"line":99,"column":53}},{"start":{"line":100,"column":12},"end":{"line":100,"column":74}}],"line":99},"10":{"loc":{"start":{"line":117,"column":11},"end":{"line":119,"column":11}},"type":"binary-expr","locations":[{"start":{"line":117,"column":11},"end":{"line":117,"column":29}},{"start":{"line":117,"column":33},"end":{"line":117,"column":47}},{"start":{"line":118,"column":12},"end":{"line":118,"column":74}}],"line":117},"11":{"loc":{"start":{"line":134,"column":11},"end":{"line":136,"column":11}},"type":"binary-expr","locations":[{"start":{"line":134,"column":11},"end":{"line":134,"column":36}},{"start":{"line":134,"column":40},"end":{"line":134,"column":61}},{"start":{"line":135,"column":12},"end":{"line":135,"column":74}}],"line":134}},"s":{"0":1,"1":0,"2":0,"3":0,"4":0,"5":0,"6":0,"7":0,"8":0,"9":0,"10":0,"11":0,"12":0,"13":0,"14":0,"15":0,"16":0,"17":0,"18":0,"19":0,"20":0,"21":0,"22":0,"23":0,"24":0,"25":0,"26":0,"27":0,"28":0,"29":0},"f":{"0":0,"1":0,"2":0,"3":0,"4":0,"5":0,"6":0,"7":0},"b":{"0":[0,0],"1":[0,0],"2":[0,0],"3":[0,0],"4":[0,0],"5":[0,0],"6":[0,0],"7":[0,0],"8":[0,0,0],"9":[0,0,0],"10":[0,0,0],"11":[0,0,0]},"_coverageSchema":"1a1c01bbd47fc00a2c39e90264f33305004495a9","hash":"04b5cb40fc319405b06eb796a083dab0d4743b46"}
,"C:\\Users\\pc\\BNA_SmartFuture_Workshop_React_Web\\BNA-dashboard\\admin\\src\\components\\virement\\Virement.js": {"path":"C:\\Users\\pc\\BNA_SmartFuture_Workshop_React_Web\\BNA-dashboard\\admin\\src\\components\\virement\\Virement.js","statementMap":{"0":{"start":{"line":5,"column":24},"end":{"line":115,"column":1}},"1":{"start":{"line":6,"column":19},"end":{"line":6,"column":32}},"2":{"start":{"line":9,"column":34},"end":{"line":14,"column":4}},"3":{"start":{"line":17,"column":44},"end":{"line":17,"column":56}},"4":{"start":{"line":20,"column":23},"end":{"line":23,"column":3}},"5":{"start":{"line":21,"column":28},"end":{"line":21,"column":36}},"6":{"start":{"line":22,"column":4},"end":{"line":22,"column":48}},"7":{"start":{"line":27,"column":22},"end":{"line":30,"column":3}},"8":{"start":{"line":28,"column":21},"end":{"line":28,"column":29}},"9":{"start":{"line":29,"column":4},"end":{"line":29,"column":57}},"10":{"start":{"line":33,"column":23},"end":{"line":41,"column":3}},"11":{"start":{"line":34,"column":4},"end":{"line":34,"column":23}},"12":{"start":{"line":35,"column":4},"end":{"line":39,"column":5}},"13":{"start":{"line":36,"column":6},"end":{"line":36,"column":35}},"14":{"start":{"line":38,"column":6},"end":{"line":38,"column":38}},"15":{"start":{"line":45,"column":2},"end":{"line":114,"column":4}}},"fnMap":{"0":{"name":"(anonymous_0)","decl":{"start":{"line":5,"column":24},"end":{"line":5,"column":25}},"loc":{"start":{"line":5,"column":30},"end":{"line":115,"column":1}},"line":5},"1":{"name":"(anonymous_1)","decl":{"start":{"line":20,"column":23},"end":{"line":20,"column":24}},"loc":{"start":{"line":20,"column":30},"end":{"line":23,"column":3}},"line":20},"2":{"name":"(anonymous_2)","decl":{"start":{"line":27,"column":22},"end":{"line":27,"column":23}},"loc":{"start":{"line":27,"column":29},"end":{"line":30,"column":3}},"line":27},"3":{"name":"(anonymous_3)","decl":{"start":{"line":33,"column":23},"end":{"line":33,"column":24}},"loc":{"start":{"line":33,"column":30},"end":{"line":41,"column":3}},"line":33}},"branchMap":{"0":{"loc":{"start":{"line":35,"column":4},"end":{"line":39,"column":5}},"type":"if","locations":[{"start":{"line":35,"column":4},"end":{"line":39,"column":5}},{"start":{"line":37,"column":10},"end":{"line":39,"column":5}}],"line":35},"1":{"loc":{"start":{"line":62,"column":11},"end":{"line":62,"column":129}},"type":"binary-expr","locations":[{"start":{"line":62,"column":11},"end":{"line":62,"column":37}},{"start":{"line":62,"column":41},"end":{"line":62,"column":63}},{"start":{"line":62,"column":67},"end":{"line":62,"column":129}}],"line":62},"2":{"loc":{"start":{"line":77,"column":11},"end":{"line":77,"column":119}},"type":"binary-expr","locations":[{"start":{"line":77,"column":11},"end":{"line":77,"column":32}},{"start":{"line":77,"column":36},"end":{"line":77,"column":53}},{"start":{"line":77,"column":57},"end":{"line":77,"column":119}}],"line":77},"3":{"loc":{"start":{"line":92,"column":11},"end":{"line":92,"column":113}},"type":"binary-expr","locations":[{"start":{"line":92,"column":11},"end":{"line":92,"column":29}},{"start":{"line":92,"column":33},"end":{"line":92,"column":47}},{"start":{"line":92,"column":51},"end":{"line":92,"column":113}}],"line":92},"4":{"loc":{"start":{"line":107,"column":11},"end":{"line":107,"column":127}},"type":"binary-expr","locations":[{"start":{"line":107,"column":11},"end":{"line":107,"column":36}},{"start":{"line":107,"column":40},"end":{"line":107,"column":61}},{"start":{"line":107,"column":65},"end":{"line":107,"column":127}}],"line":107}},"s":{"0":1,"1":0,"2":0,"3":0,"4":0,"5":0,"6":0,"7":0,"8":0,"9":0,"10":0,"11":0,"12":0,"13":0,"14":0,"15":0},"f":{"0":0,"1":0,"2":0,"3":0},"b":{"0":[0,0],"1":[0,0,0],"2":[0,0,0],"3":[0,0,0],"4":[0,0,0]},"_coverageSchema":"1a1c01bbd47fc00a2c39e90264f33305004495a9","hash":"c2d6fcde958eb35a3719c28562a16ca969493a69"}
,"C:\\Users\\pc\\BNA_SmartFuture_Workshop_React_Web\\BNA-dashboard\\admin\\src\\config\\api.js": {"path":"C:\\Users\\pc\\BNA_SmartFuture_Workshop_React_Web\\BNA-dashboard\\admin\\src\\config\\api.js","statementMap":{"0":{"start":{"line":3,"column":12},"end":{"line":10,"column":2}},"1":{"start":{"line":12,"column":0},"end":{"line":24,"column":2}},"2":{"start":{"line":14,"column":18},"end":{"line":14,"column":47}},"3":{"start":{"line":16,"column":4},"end":{"line":18,"column":5}},"4":{"start":{"line":17,"column":6},"end":{"line":17,"column":55}},"5":{"start":{"line":19,"column":4},"end":{"line":19,"column":18}},"6":{"start":{"line":22,"column":4},"end":{"line":22,"column":33}}},"fnMap":{"0":{"name":"(anonymous_0)","decl":{"start":{"line":13,"column":2},"end":{"line":13,"column":3}},"loc":{"start":{"line":13,"column":14},"end":{"line":20,"column":3}},"line":13},"1":{"name":"(anonymous_1)","decl":{"start":{"line":21,"column":2},"end":{"line":21,"column":3}},"loc":{"start":{"line":21,"column":13},"end":{"line":23,"column":3}},"line":21}},"branchMap":{"0":{"loc":{"start":{"line":16,"column":4},"end":{"line":18,"column":5}},"type":"if","locations":[{"start":{"line":16,"column":4},"end":{"line":18,"column":5}},{"start":{},"end":{}}],"line":16}},"s":{"0":1,"1":1,"2":0,"3":0,"4":0,"5":0,"6":0},"f":{"0":0,"1":0},"b":{"0":[0,0]},"_coverageSchema":"1a1c01bbd47fc00a2c39e90264f33305004495a9","hash":"766bb569971a778397f4969f00d40e1332e624c1"}
,"C:\\Users\\pc\\BNA_SmartFuture_Workshop_React_Web\\BNA-dashboard\\admin\\src\\redux\\authSlice.js": {"path":"C:\\Users\\pc\\BNA_SmartFuture_Workshop_React_Web\\BNA-dashboard\\admin\\src\\redux\\authSlice.js","statementMap":{"0":{"start":{"line":4,"column":21},"end":{"line":9,"column":1}},"1":{"start":{"line":12,"column":22},"end":{"line":35,"column":1}},"2":{"start":{"line":15,"column":4},"end":{"line":33,"column":5}},"3":{"start":{"line":16,"column":21},"end":{"line":23,"column":7}},"4":{"start":{"line":24,"column":23},"end":{"line":24,"column":63}},"5":{"start":{"line":26,"column":6},"end":{"line":26,"column":41}},"6":{"start":{"line":27,"column":6},"end":{"line":27,"column":27}},"7":{"start":{"line":29,"column":6},"end":{"line":31,"column":7}},"8":{"start":{"line":30,"column":8},"end":{"line":30,"column":20}},"9":{"start":{"line":32,"column":6},"end":{"line":32,"column":50}},"10":{"start":{"line":38,"column":22},"end":{"line":56,"column":1}},"11":{"start":{"line":41,"column":4},"end":{"line":54,"column":5}},"12":{"start":{"line":42,"column":21},"end":{"line":42,"column":67}},"13":{"start":{"line":43,"column":23},"end":{"line":43,"column":60}},"14":{"start":{"line":46,"column":6},"end":{"line":46,"column":57}},"15":{"start":{"line":47,"column":6},"end":{"line":47,"column":49}},"16":{"start":{"line":48,"column":6},"end":{"line":48,"column":27}},"17":{"start":{"line":50,"column":6},"end":{"line":52,"column":7}},"18":{"start":{"line":51,"column":8},"end":{"line":51,"column":20}},"19":{"start":{"line":53,"column":6},"end":{"line":53,"column":50}},"20":{"start":{"line":59,"column":26},"end":{"line":72,"column":1}},"21":{"start":{"line":62,"column":4},"end":{"line":70,"column":5}},"22":{"start":{"line":63,"column":23},"end":{"line":63,"column":49}},"23":{"start":{"line":64,"column":6},"end":{"line":64,"column":27}},"24":{"start":{"line":66,"column":6},"end":{"line":68,"column":7}},"25":{"start":{"line":67,"column":8},"end":{"line":67,"column":20}},"26":{"start":{"line":69,"column":6},"end":{"line":69,"column":50}},"27":{"start":{"line":75,"column":18},"end":{"line":118,"column":2}},"28":{"start":{"line":80,"column":4},"end":{"line":116,"column":9}},"29":{"start":{"line":83,"column":8},"end":{"line":83,"column":29}},"30":{"start":{"line":86,"column":8},"end":{"line":86,"column":31}},"31":{"start":{"line":87,"column":8},"end":{"line":87,"column":30}},"32":{"start":{"line":90,"column":8},"end":{"line":90,"column":32}},"33":{"start":{"line":91,"column":8},"end":{"line":91,"column":30}},"34":{"start":{"line":95,"column":8},"end":{"line":95,"column":29}},"35":{"start":{"line":98,"column":8},"end":{"line":98,"column":31}},"36":{"start":{"line":99,"column":8},"end":{"line":106,"column":9}},"37":{"start":{"line":100,"column":10},"end":{"line":100,"column":34}},"38":{"start":{"line":101,"column":10},"end":{"line":101,"column":51}},"39":{"start":{"line":103,"column":10},"end":{"line":103,"column":38}},"40":{"start":{"line":104,"column":31},"end":{"line":104,"column":56}},"41":{"start":{"line":105,"column":10},"end":{"line":105,"column":43}},"42":{"start":{"line":107,"column":8},"end":{"line":107,"column":30}},"43":{"start":{"line":110,"column":8},"end":{"line":110,"column":32}},"44":{"start":{"line":111,"column":8},"end":{"line":111,"column":29}},"45":{"start":{"line":115,"column":8},"end":{"line":115,"column":39}}},"fnMap":{"0":{"name":"(anonymous_0)","decl":{"start":{"line":14,"column":2},"end":{"line":14,"column":3}},"loc":{"start":{"line":14,"column":49},"end":{"line":34,"column":3}},"line":14},"1":{"name":"(anonymous_1)","decl":{"start":{"line":40,"column":2},"end":{"line":40,"column":3}},"loc":{"start":{"line":40,"column":39},"end":{"line":55,"column":3}},"line":40},"2":{"name":"(anonymous_2)","decl":{"start":{"line":61,"column":2},"end":{"line":61,"column":3}},"loc":{"start":{"line":61,"column":47},"end":{"line":71,"column":3}},"line":61},"3":{"name":"(anonymous_3)","decl":{"start":{"line":79,"column":17},"end":{"line":79,"column":18}},"loc":{"start":{"line":79,"column":30},"end":{"line":117,"column":3}},"line":79},"4":{"name":"(anonymous_4)","decl":{"start":{"line":82,"column":31},"end":{"line":82,"column":32}},"loc":{"start":{"line":82,"column":42},"end":{"line":84,"column":7}},"line":82},"5":{"name":"(anonymous_5)","decl":{"start":{"line":85,"column":33},"end":{"line":85,"column":34}},"loc":{"start":{"line":85,"column":52},"end":{"line":88,"column":7}},"line":85},"6":{"name":"(anonymous_6)","decl":{"start":{"line":89,"column":32},"end":{"line":89,"column":33}},"loc":{"start":{"line":89,"column":51},"end":{"line":92,"column":7}},"line":89},"7":{"name":"(anonymous_7)","decl":{"start":{"line":94,"column":31},"end":{"line":94,"column":32}},"loc":{"start":{"line":94,"column":42},"end":{"line":96,"column":7}},"line":94},"8":{"name":"(anonymous_8)","decl":{"start":{"line":97,"column":33},"end":{"line":97,"column":34}},"loc":{"start":{"line":97,"column":53},"end":{"line":108,"column":7}},"line":97},"9":{"name":"(anonymous_9)","decl":{"start":{"line":109,"column":32},"end":{"line":109,"column":33}},"loc":{"start":{"line":109,"column":51},"end":{"line":112,"column":7}},"line":109},"10":{"name":"(anonymous_10)","decl":{"start":{"line":114,"column":37},"end":{"line":114,"column":38}},"loc":{"start":{"line":114,"column":56},"end":{"line":116,"column":7}},"line":114}},"branchMap":{"0":{"loc":{"start":{"line":29,"column":6},"end":{"line":31,"column":7}},"type":"if","locations":[{"start":{"line":29,"column":6},"end":{"line":31,"column":7}},{"start":{},"end":{}}],"line":29},"1":{"loc":{"start":{"line":50,"column":6},"end":{"line":52,"column":7}},"type":"if","locations":[{"start":{"line":50,"column":6},"end":{"line":52,"column":7}},{"start":{},"end":{}}],"line":50},"2":{"loc":{"start":{"line":66,"column":6},"end":{"line":68,"column":7}},"type":"if","locations":[{"start":{"line":66,"column":6},"end":{"line":68,"column":7}},{"start":{},"end":{}}],"line":66},"3":{"loc":{"start":{"line":99,"column":8},"end":{"line":106,"column":9}},"type":"if","locations":[{"start":{"line":99,"column":8},"end":{"line":106,"column":9}},{"start":{"line":102,"column":15},"end":{"line":106,"column":9}}],"line":99}},"s":{"0":1,"1":1,"2":0,"3":0,"4":0,"5":0,"6":0,"7":0,"8":0,"9":0,"10":1,"11":0,"12":0,"13":0,"14":0,"15":0,"16":0,"17":0,"18":0,"19":0,"20":1,"21":0,"22":0,"23":0,"24":0,"25":0,"26":0,"27":1,"28":0,"29":0,"30":0,"31":0,"32":0,"33":0,"34":0,"35":0,"36":0,"37":0,"38":0,"39":0,"40":0,"41":0,"42":0,"43":0,"44":0,"45":0},"f":{"0":0,"1":0,"2":0,"3":0,"4":0,"5":0,"6":0,"7":0,"8":0,"9":0,"10":0},"b":{"0":[0,0],"1":[0,0],"2":[0,0],"3":[0,0]},"_coverageSchema":"1a1c01bbd47fc00a2c39e90264f33305004495a9","hash":"2fd60ddaf6783229f882598c6318fe703d43179f"}
,"C:\\Users\\pc\\BNA_SmartFuture_Workshop_React_Web\\BNA-dashboard\\admin\\src\\redux\\store.js": {"path":"C:\\Users\\pc\\BNA_SmartFuture_Workshop_React_Web\\BNA-dashboard\\admin\\src\\redux\\store.js","statementMap":{"0":{"start":{"line":6,"column":21},"end":{"line":15,"column":2}},"1":{"start":{"line":12,"column":4},"end":{"line":14,"column":6}}},"fnMap":{"0":{"name":"(anonymous_0)","decl":{"start":{"line":11,"column":14},"end":{"line":11,"column":15}},"loc":{"start":{"line":12,"column":4},"end":{"line":14,"column":6}},"line":12}},"branchMap":{},"s":{"0":0,"1":0},"f":{"0":0},"b":{}}
,"C:\\Users\\pc\\BNA_SmartFuture_Workshop_React_Web\\BNA-dashboard\\admin\\src\\redux\\virementSlice.js": {"path":"C:\\Users\\pc\\BNA_SmartFuture_Workshop_React_Web\\BNA-dashboard\\admin\\src\\redux\\virementSlice.js","statementMap":{"0":{"start":{"line":6,"column":21},"end":{"line":13,"column":1}},"1":{"start":{"line":16,"column":29},"end":{"line":26,"column":1}},"2":{"start":{"line":19,"column":4},"end":{"line":24,"column":5}},"3":{"start":{"line":20,"column":23},"end":{"line":20,"column":53}},"4":{"start":{"line":21,"column":6},"end":{"line":21,"column":27}},"5":{"start":{"line":23,"column":6},"end":{"line":23,"column":50}},"6":{"start":{"line":29,"column":27},"end":{"line":40,"column":1}},"7":{"start":{"line":32,"column":4},"end":{"line":38,"column":5}},"8":{"start":{"line":33,"column":23},"end":{"line":33,"column":67}},"9":{"start":{"line":34,"column":6},"end":{"line":34,"column":49}},"10":{"start":{"line":35,"column":6},"end":{"line":35,"column":27}},"11":{"start":{"line":37,"column":6},"end":{"line":37,"column":50}},"12":{"start":{"line":43,"column":30},"end":{"line":57,"column":1}},"13":{"start":{"line":46,"column":4},"end":{"line":55,"column":5}},"14":{"start":{"line":47,"column":64},"end":{"line":47,"column":68}},"15":{"start":{"line":48,"column":21},"end":{"line":48,"column":65}},"16":{"start":{"line":49,"column":23},"end":{"line":49,"column":71}},"17":{"start":{"line":50,"column":6},"end":{"line":50,"column":49}},"18":{"start":{"line":51,"column":6},"end":{"line":51,"column":27}},"19":{"start":{"line":54,"column":6},"end":{"line":54,"column":50}},"20":{"start":{"line":60,"column":27},"end":{"line":70,"column":1}},"21":{"start":{"line":63,"column":4},"end":{"line":68,"column":5}},"22":{"start":{"line":64,"column":23},"end":{"line":64,"column":59}},"23":{"start":{"line":65,"column":6},"end":{"line":65,"column":27}},"24":{"start":{"line":67,"column":6},"end":{"line":67,"column":50}},"25":{"start":{"line":73,"column":30},"end":{"line":86,"column":1}},"26":{"start":{"line":76,"column":4},"end":{"line":84,"column":5}},"27":{"start":{"line":77,"column":23},"end":{"line":77,"column":66}},"28":{"start":{"line":78,"column":6},"end":{"line":78,"column":27}},"29":{"start":{"line":80,"column":6},"end":{"line":82,"column":7}},"30":{"start":{"line":81,"column":8},"end":{"line":81,"column":20}},"31":{"start":{"line":83,"column":6},"end":{"line":83,"column":50}},"32":{"start":{"line":89,"column":22},"end":{"line":167,"column":2}},"33":{"start":{"line":94,"column":4},"end":{"line":165,"column":9}},"34":{"start":{"line":97,"column":8},"end":{"line":97,"column":29}},"35":{"start":{"line":100,"column":8},"end":{"line":100,"column":31}},"36":{"start":{"line":101,"column":8},"end":{"line":101,"column":39}},"37":{"start":{"line":102,"column":8},"end":{"line":102,"column":56}},"38":{"start":{"line":103,"column":8},"end":{"line":103,"column":30}},"39":{"start":{"line":106,"column":8},"end":{"line":106,"column":32}},"40":{"start":{"line":107,"column":8},"end":{"line":107,"column":30}},"41":{"start":{"line":111,"column":8},"end":{"line":111,"column":29}},"42":{"start":{"line":114,"column":8},"end":{"line":114,"column":31}},"43":{"start":{"line":115,"column":8},"end":{"line":115,"column":37}},"44":{"start":{"line":116,"column":8},"end":{"line":116,"column":30}},"45":{"start":{"line":119,"column":8},"end":{"line":119,"column":40}},"46":{"start":{"line":120,"column":8},"end":{"line":120,"column":32}},"47":{"start":{"line":121,"column":8},"end":{"line":121,"column":30}},"48":{"start":{"line":125,"column":8},"end":{"line":125,"column":29}},"49":{"start":{"line":128,"column":8},"end":{"line":128,"column":31}},"50":{"start":{"line":129,"column":8},"end":{"line":133,"column":10}},"51":{"start":{"line":130,"column":10},"end":{"line":132,"column":18}},"52":{"start":{"line":134,"column":8},"end":{"line":134,"column":30}},"53":{"start":{"line":137,"column":8},"end":{"line":137,"column":40}},"54":{"start":{"line":138,"column":8},"end":{"line":138,"column":32}},"55":{"start":{"line":139,"column":8},"end":{"line":139,"column":30}},"56":{"start":{"line":143,"column":8},"end":{"line":143,"column":29}},"57":{"start":{"line":146,"column":8},"end":{"line":146,"column":31}},"58":{"start":{"line":147,"column":8},"end":{"line":147,"column":33}},"59":{"start":{"line":148,"column":8},"end":{"line":148,"column":30}},"60":{"start":{"line":151,"column":8},"end":{"line":151,"column":32}},"61":{"start":{"line":152,"column":8},"end":{"line":152,"column":30}},"62":{"start":{"line":156,"column":8},"end":{"line":156,"column":29}},"63":{"start":{"line":159,"column":8},"end":{"line":159,"column":31}},"64":{"start":{"line":160,"column":8},"end":{"line":160,"column":30}},"65":{"start":{"line":163,"column":8},"end":{"line":163,"column":32}},"66":{"start":{"line":164,"column":8},"end":{"line":164,"column":30}}},"fnMap":{"0":{"name":"(anonymous_0)","decl":{"start":{"line":18,"column":2},"end":{"line":18,"column":3}},"loc":{"start":{"line":18,"column":36},"end":{"line":25,"column":3}},"line":18},"1":{"name":"(anonymous_1)","decl":{"start":{"line":31,"column":2},"end":{"line":31,"column":3}},"loc":{"start":{"line":31,"column":43},"end":{"line":39,"column":3}},"line":31},"2":{"name":"(anonymous_2)","decl":{"start":{"line":45,"column":2},"end":{"line":45,"column":3}},"loc":{"start":{"line":45,"column":39},"end":{"line":56,"column":3}},"line":45},"3":{"name":"(anonymous_3)","decl":{"start":{"line":62,"column":2},"end":{"line":62,"column":3}},"loc":{"start":{"line":62,"column":37},"end":{"line":69,"column":3}},"line":62},"4":{"name":"(anonymous_4)","decl":{"start":{"line":75,"column":2},"end":{"line":75,"column":3}},"loc":{"start":{"line":75,"column":38},"end":{"line":85,"column":3}},"line":75},"5":{"name":"(anonymous_5)","decl":{"start":{"line":93,"column":17},"end":{"line":93,"column":18}},"loc":{"start":{"line":93,"column":30},"end":{"line":166,"column":3}},"line":93},"6":{"name":"(anonymous_6)","decl":{"start":{"line":96,"column":38},"end":{"line":96,"column":39}},"loc":{"start":{"line":96,"column":49},"end":{"line":98,"column":7}},"line":96},"7":{"name":"(anonymous_7)","decl":{"start":{"line":99,"column":40},"end":{"line":99,"column":41}},"loc":{"start":{"line":99,"column":64},"end":{"line":104,"column":7}},"line":99},"8":{"name":"(anonymous_8)","decl":{"start":{"line":105,"column":39},"end":{"line":105,"column":40}},"loc":{"start":{"line":105,"column":54},"end":{"line":108,"column":7}},"line":105},"9":{"name":"(anonymous_9)","decl":{"start":{"line":110,"column":36},"end":{"line":110,"column":37}},"loc":{"start":{"line":110,"column":47},"end":{"line":112,"column":7}},"line":110},"10":{"name":"(anonymous_10)","decl":{"start":{"line":113,"column":38},"end":{"line":113,"column":39}},"loc":{"start":{"line":113,"column":62},"end":{"line":117,"column":7}},"line":113},"11":{"name":"(anonymous_11)","decl":{"start":{"line":118,"column":37},"end":{"line":118,"column":38}},"loc":{"start":{"line":118,"column":61},"end":{"line":122,"column":7}},"line":118},"12":{"name":"(anonymous_12)","decl":{"start":{"line":124,"column":39},"end":{"line":124,"column":40}},"loc":{"start":{"line":124,"column":50},"end":{"line":126,"column":7}},"line":124},"13":{"name":"(anonymous_13)","decl":{"start":{"line":127,"column":41},"end":{"line":127,"column":42}},"loc":{"start":{"line":127,"column":65},"end":{"line":135,"column":7}},"line":127},"14":{"name":"(anonymous_14)","decl":{"start":{"line":129,"column":44},"end":{"line":129,"column":45}},"loc":{"start":{"line":130,"column":10},"end":{"line":132,"column":18}},"line":130},"15":{"name":"(anonymous_15)","decl":{"start":{"line":136,"column":40},"end":{"line":136,"column":41}},"loc":{"start":{"line":136,"column":64},"end":{"line":140,"column":7}},"line":136},"16":{"name":"(anonymous_16)","decl":{"start":{"line":142,"column":36},"end":{"line":142,"column":37}},"loc":{"start":{"line":142,"column":47},"end":{"line":144,"column":7}},"line":142},"17":{"name":"(anonymous_17)","decl":{"start":{"line":145,"column":38},"end":{"line":145,"column":39}},"loc":{"start":{"line":145,"column":62},"end":{"line":149,"column":7}},"line":145},"18":{"name":"(anonymous_18)","decl":{"start":{"line":150,"column":37},"end":{"line":150,"column":38}},"loc":{"start":{"line":150,"column":52},"end":{"line":153,"column":7}},"line":150},"19":{"name":"(anonymous_19)","decl":{"start":{"line":155,"column":39},"end":{"line":155,"column":40}},"loc":{"start":{"line":155,"column":50},"end":{"line":157,"column":7}},"line":155},"20":{"name":"(anonymous_20)","decl":{"start":{"line":158,"column":41},"end":{"line":158,"column":42}},"loc":{"start":{"line":158,"column":52},"end":{"line":161,"column":7}},"line":158},"21":{"name":"(anonymous_21)","decl":{"start":{"line":162,"column":40},"end":{"line":162,"column":41}},"loc":{"start":{"line":162,"column":51},"end":{"line":165,"column":7}},"line":162}},"branchMap":{"0":{"loc":{"start":{"line":80,"column":6},"end":{"line":82,"column":7}},"type":"if","locations":[{"start":{"line":80,"column":6},"end":{"line":82,"column":7}},{"start":{},"end":{}}],"line":80},"1":{"loc":{"start":{"line":101,"column":25},"end":{"line":101,"column":38}},"type":"binary-expr","locations":[{"start":{"line":101,"column":25},"end":{"line":101,"column":32}},{"start":{"line":101,"column":36},"end":{"line":101,"column":38}}],"line":101},"2":{"loc":{"start":{"line":102,"column":29},"end":{"line":102,"column":55}},"type":"binary-expr","locations":[{"start":{"line":102,"column":29},"end":{"line":102,"column":50}},{"start":{"line":102,"column":54},"end":{"line":102,"column":55}}],"line":102},"3":{"loc":{"start":{"line":130,"column":10},"end":{"line":132,"column":18}},"type":"cond-expr","locations":[{"start":{"line":131,"column":14},"end":{"line":131,"column":51}},{"start":{"line":132,"column":14},"end":{"line":132,"column":18}}],"line":130}},"s":{"0":1,"1":1,"2":0,"3":0,"4":0,"5":0,"6":1,"7":0,"8":0,"9":0,"10":0,"11":0,"12":1,"13":0,"14":0,"15":0,"16":0,"17":0,"18":0,"19":0,"20":1,"21":0,"22":0,"23":0,"24":0,"25":1,"26":0,"27":0,"28":0,"29":0,"30":0,"31":0,"32":1,"33":0,"34":0,"35":0,"36":0,"37":0,"38":0,"39":0,"40":0,"41":0,"42":0,"43":0,"44":0,"45":0,"46":0,"47":0,"48":0,"49":0,"50":0,"51":0,"52":0,"53":0,"54":0,"55":0,"56":0,"57":0,"58":0,"59":0,"60":0,"61":0,"62":0,"63":0,"64":0,"65":0,"66":0},"f":{"0":0,"1":0,"2":0,"3":0,"4":0,"5":0,"6":0,"7":0,"8":0,"9":0,"10":0,"11":0,"12":0,"13":0,"14":0,"15":0,"16":0,"17":0,"18":0,"19":0,"20":0,"21":0},"b":{"0":[0,0],"1":[0,0],"2":[0,0],"3":[0,0]},"_coverageSchema":"1a1c01bbd47fc00a2c39e90264f33305004495a9","hash":"5dc54ba260950ffa7b948f976906ff8609776e65"}
}
